<?xml version="1.0" encoding="UTF-8"?>
<!-- Generated by org.testng.reporters.JUnitReportReporter -->
<testsuite hostname="DESKTOP-SUNT4ML" failures="0" tests="1" name="DeleteMethod.DeleteExp" time="2.107" errors="0" timestamp="25 Jan 2024 05:24:21 GMT" skipped="0">
  <testcase classname="DeleteMethod.DeleteExp" name="DeleteExp1" time="2.107"/>
</testsuite> <!-- DeleteMethod.DeleteExp -->
