<?xml version="1.0" encoding="UTF-8"?>
<!-- Generated by org.testng.reporters.JUnitReportReporter -->
<testsuite hostname="DESKTOP-SUNT4ML" failures="0" tests="1" name="GetMethod.Sampleproject" time="3.333" errors="0" timestamp="10 Jan 2024 10:02:54 GMT" skipped="0">
  <testcase classname="GetMethod.Sampleproject" name="staticImportExample" time="3.333"/>
</testsuite> <!-- GetMethod.Sampleproject -->
