<?xml version="1.0" encoding="UTF-8"?>
<!-- Generated by org.testng.reporters.JUnitReportReporter -->
<testsuite hostname="DESKTOP-SUNT4ML" failures="0" tests="1" name="DataDrivenTesting.DatadrivenTestingExp" time="3.613" errors="0" timestamp="25 Jan 2024 11:22:41 GMT" skipped="0">
  <testcase classname="DataDrivenTesting.DatadrivenTestingExp" name="post" time="3.613"/>
</testsuite> <!-- DataDrivenTesting.DatadrivenTestingExp -->
