<?xml version="1.0" encoding="UTF-8"?>
<!-- Generated by org.testng.reporters.JUnitReportReporter -->
<testsuite hostname="DESKTOP-SUNT4ML" failures="0" tests="2" name="PostMethod.PostMethodExp" time="2.903" errors="0" timestamp="20 Jan 2024 07:39:46 GMT" skipped="0">
  <testcase classname="PostMethod.PostMethodExp" name="Deleteid" time="1.829"/>
  <testcase classname="PostMethod.PostMethodExp" name="Hashmap" time="1.074"/>
</testsuite> <!-- PostMethod.PostMethodExp -->
